<?xml version="1.0" encoding="UTF-8"?>
<testsuite name="io.millers.SockMerchant" tests="1" skipped="0" failures="0" errors="0" timestamp="2022-06-07T11:34:43" hostname="DESKTOP-4L88OLF" time="0.033">
  <properties/>
  <testcase name="test1()" classname="io.millers.SockMerchant" time="0.033"/>
  <system-out><![CDATA[]]></system-out>
  <system-err><![CDATA[]]></system-err>
</testsuite>
